<?xml version="1.0" encoding="UTF-8"?>
<testsuite name="Test Math operations in Calculator class" tests="3" skipped="0" failures="0" errors="0" timestamp="2022-11-24T03:48:19" hostname="DESKTOP-FT39R1E" time="0.025">
  <properties/>
  <testcase name="Test 31-30 = 1" classname="CalculatorTest" time="0.018"/>
  <testcase name="Test divided by zero." classname="CalculatorTest" time="0.003"/>
  <testcase name="Test 20/5 = 2" classname="CalculatorTest" time="0.002"/>
  <system-out><![CDATA[Executing @beforeAll Method.
Executing @BeforeEach Test method.
Executing @AfterEach test method.
Executing @BeforeEach Test method.
Executing @AfterEach test method.
Executing @BeforeEach Test method.
Executing @AfterEach test method.
Executing @afterAll method.
]]></system-out>
  <system-err><![CDATA[]]></system-err>
</testsuite>
